
Start-Date: 2022-08-09  11:53:14
Commandline: apt-get install --reinstall adduser
Reinstall: adduser:arm64 (3.118ubuntu5)
End-Date: 2022-08-09  11:53:20

Start-Date: 2022-08-09  11:53:29
Commandline: apt-get install --reinstall apt
Reinstall: apt:arm64 (2.4.5)
End-Date: 2022-08-09  11:53:36

Start-Date: 2022-08-09  11:53:45
Commandline: apt-get install --reinstall base-files
Reinstall: base-files:arm64 (12ubuntu4)
End-Date: 2022-08-09  11:53:50

Start-Date: 2022-08-09  11:53:59
Commandline: apt-get install --reinstall base-passwd
Reinstall: base-passwd:arm64 (3.5.52build1)
End-Date: 2022-08-09  11:54:05

Start-Date: 2022-08-09  11:54:16
Commandline: apt-get install --reinstall bash
Reinstall: bash:arm64 (5.1-6ubuntu1)
End-Date: 2022-08-09  11:54:21

Start-Date: 2022-08-09  11:54:30
Commandline: apt-get install --reinstall bsdutils
Reinstall: bsdutils:arm64 (1:2.37.2-4ubuntu3)
End-Date: 2022-08-09  11:54:36

Start-Date: 2022-08-09  11:54:47
Commandline: apt-get install --reinstall coreutils
Reinstall: coreutils:arm64 (8.32-4.1ubuntu1)
End-Date: 2022-08-09  11:54:52

Start-Date: 2022-08-09  11:55:01
Commandline: apt-get install --reinstall dash
Reinstall: dash:arm64 (0.5.11+git20210903+057cd650a4ed-3build1)
End-Date: 2022-08-09  11:55:07

Start-Date: 2022-08-09  11:55:16
Commandline: apt-get install --reinstall debconf
Reinstall: debconf:arm64 (1.5.79ubuntu1)
End-Date: 2022-08-09  11:55:21

Start-Date: 2022-08-09  11:55:30
Commandline: apt-get install --reinstall debianutils
Reinstall: debianutils:arm64 (5.5-1ubuntu2)
End-Date: 2022-08-09  11:55:36

Start-Date: 2022-08-09  11:55:45
Commandline: apt-get install --reinstall diffutils
Reinstall: diffutils:arm64 (1:3.8-0ubuntu2)
End-Date: 2022-08-09  11:55:50

Start-Date: 2022-08-09  11:56:00
Commandline: apt-get install --reinstall dpkg
Reinstall: dpkg:arm64 (1.21.1ubuntu2)
End-Date: 2022-08-09  11:56:06

Start-Date: 2022-08-09  11:56:15
Commandline: apt-get install --reinstall e2fsprogs
Reinstall: e2fsprogs:arm64 (1.46.5-2ubuntu1)
End-Date: 2022-08-09  11:56:20

Start-Date: 2022-08-09  11:56:30
Commandline: apt-get install --reinstall findutils
Reinstall: findutils:arm64 (4.8.0-1ubuntu3)
End-Date: 2022-08-09  11:56:35

Start-Date: 2022-08-09  11:56:44
Commandline: apt-get install --reinstall gcc-12-base:arm64
Reinstall: gcc-12-base:arm64 (12-20220319-1ubuntu1)
End-Date: 2022-08-09  11:56:49

Start-Date: 2022-08-09  11:56:58
Commandline: apt-get install --reinstall gpgv
Reinstall: gpgv:arm64 (2.2.27-3ubuntu2)
End-Date: 2022-08-09  11:57:03

Start-Date: 2022-08-09  11:57:12
Commandline: apt-get install --reinstall grep
Reinstall: grep:arm64 (3.7-1build1)
End-Date: 2022-08-09  11:57:17

Start-Date: 2022-08-09  11:57:26
Commandline: apt-get install --reinstall gzip
Reinstall: gzip:arm64 (1.10-4ubuntu4)
End-Date: 2022-08-09  11:57:31

Start-Date: 2022-08-09  11:57:40
Commandline: apt-get install --reinstall hostname
Reinstall: hostname:arm64 (3.23ubuntu2)
End-Date: 2022-08-09  11:57:45

Start-Date: 2022-08-09  11:57:54
Commandline: apt-get install --reinstall init-system-helpers
Reinstall: init-system-helpers:arm64 (1.62)
End-Date: 2022-08-09  11:57:59

Start-Date: 2022-08-09  11:58:08
Commandline: apt-get install --reinstall libacl1:arm64
Reinstall: libacl1:arm64 (2.3.1-1)
End-Date: 2022-08-09  11:58:14

Start-Date: 2022-08-09  11:58:23
Commandline: apt-get install --reinstall libapt-pkg6.0:arm64
Reinstall: libapt-pkg6.0:arm64 (2.4.5)
End-Date: 2022-08-09  11:58:29

Start-Date: 2022-08-09  11:58:38
Commandline: apt-get install --reinstall libattr1:arm64
Reinstall: libattr1:arm64 (1:2.5.1-1build1)
End-Date: 2022-08-09  11:58:43

Start-Date: 2022-08-09  11:58:52
Commandline: apt-get install --reinstall libaudit-common
Reinstall: libaudit-common:arm64 (1:3.0.7-1build1)
End-Date: 2022-08-09  11:58:57

Start-Date: 2022-08-09  11:59:06
Commandline: apt-get install --reinstall libaudit1:arm64
Reinstall: libaudit1:arm64 (1:3.0.7-1build1)
End-Date: 2022-08-09  11:59:11

Start-Date: 2022-08-09  11:59:20
Commandline: apt-get install --reinstall libblkid1:arm64
Reinstall: libblkid1:arm64 (2.37.2-4ubuntu3)
End-Date: 2022-08-09  11:59:26

Start-Date: 2022-08-09  11:59:35
Commandline: apt-get install --reinstall libbz2-1.0:arm64
Reinstall: libbz2-1.0:arm64 (1.0.8-5build1)
End-Date: 2022-08-09  11:59:40

Start-Date: 2022-08-09  11:59:49
Commandline: apt-get install --reinstall libc-bin
Reinstall: libc-bin:arm64 (2.35-0ubuntu3)
End-Date: 2022-08-09  11:59:55

Start-Date: 2022-08-09  12:00:06
Commandline: apt-get install --reinstall libc6:arm64
Reinstall: libc6:arm64 (2.35-0ubuntu3)
End-Date: 2022-08-09  12:00:14

Start-Date: 2022-08-09  12:00:23
Commandline: apt-get install --reinstall libcap-ng0:arm64
Reinstall: libcap-ng0:arm64 (0.7.9-2.2build3)
End-Date: 2022-08-09  12:00:28

Start-Date: 2022-08-09  12:00:37
Commandline: apt-get install --reinstall libcap2:arm64
Reinstall: libcap2:arm64 (1:2.44-1build3)
End-Date: 2022-08-09  12:00:42

Start-Date: 2022-08-09  12:00:51
Commandline: apt-get install --reinstall libcom-err2:arm64
Reinstall: libcom-err2:arm64 (1.46.5-2ubuntu1)
End-Date: 2022-08-09  12:00:56

Start-Date: 2022-08-09  12:01:05
Commandline: apt-get install --reinstall libcrypt1:arm64
Reinstall: libcrypt1:arm64 (1:4.4.27-1)
End-Date: 2022-08-09  12:01:11

Start-Date: 2022-08-09  12:01:20
Commandline: apt-get install --reinstall libdb5.3:arm64
Reinstall: libdb5.3:arm64 (5.3.28+dfsg1-0.8ubuntu3)
End-Date: 2022-08-09  12:01:25

Start-Date: 2022-08-09  12:01:34
Commandline: apt-get install --reinstall libdebconfclient0:arm64
Reinstall: libdebconfclient0:arm64 (0.261ubuntu1)
End-Date: 2022-08-09  12:01:40

Start-Date: 2022-08-09  12:01:49
Commandline: apt-get install --reinstall libext2fs2:arm64
Reinstall: libext2fs2:arm64 (1.46.5-2ubuntu1)
End-Date: 2022-08-09  12:01:53

Start-Date: 2022-08-09  12:02:02
Commandline: apt-get install --reinstall libffi8:arm64
Reinstall: libffi8:arm64 (3.4.2-4)
End-Date: 2022-08-09  12:02:07

Start-Date: 2022-08-09  12:02:16
Commandline: apt-get install --reinstall libgcc-s1:arm64
Reinstall: libgcc-s1:arm64 (12-20220319-1ubuntu1)
End-Date: 2022-08-09  12:02:21

Start-Date: 2022-08-09  12:02:31
Commandline: apt-get install --reinstall libgcrypt20:arm64
Reinstall: libgcrypt20:arm64 (1.9.4-3ubuntu3)
End-Date: 2022-08-09  12:02:36

Start-Date: 2022-08-09  12:02:45
Commandline: apt-get install --reinstall libgmp10:arm64
Reinstall: libgmp10:arm64 (2:6.2.1+dfsg-3ubuntu1)
End-Date: 2022-08-09  12:02:51

Start-Date: 2022-08-09  12:03:00
Commandline: apt-get install --reinstall libgnutls30:arm64
Reinstall: libgnutls30:arm64 (3.7.3-4ubuntu1)
End-Date: 2022-08-09  12:03:06

Start-Date: 2022-08-09  12:03:15
Commandline: apt-get install --reinstall libgpg-error0:arm64
Reinstall: libgpg-error0:arm64 (1.43-3)
End-Date: 2022-08-09  12:03:20

Start-Date: 2022-08-09  12:03:29
Commandline: apt-get install --reinstall libgssapi-krb5-2:arm64
Reinstall: libgssapi-krb5-2:arm64 (1.19.2-2)
End-Date: 2022-08-09  12:03:34

Start-Date: 2022-08-09  12:03:43
Commandline: apt-get install --reinstall libhogweed6:arm64
Reinstall: libhogweed6:arm64 (3.7.3-1build2)
End-Date: 2022-08-09  12:03:48

Start-Date: 2022-08-09  12:03:57
Commandline: apt-get install --reinstall libidn2-0:arm64
Reinstall: libidn2-0:arm64 (2.3.2-2build1)
End-Date: 2022-08-09  12:04:03

Start-Date: 2022-08-09  12:04:12
Commandline: apt-get install --reinstall libk5crypto3:arm64
Reinstall: libk5crypto3:arm64 (1.19.2-2)
End-Date: 2022-08-09  12:04:17

Start-Date: 2022-08-09  12:04:26
Commandline: apt-get install --reinstall libkeyutils1:arm64
Reinstall: libkeyutils1:arm64 (1.6.1-2ubuntu3)
End-Date: 2022-08-09  12:04:31

Start-Date: 2022-08-09  12:04:40
Commandline: apt-get install --reinstall libkrb5-3:arm64
Reinstall: libkrb5-3:arm64 (1.19.2-2)
End-Date: 2022-08-09  12:04:45

Start-Date: 2022-08-09  12:04:54
Commandline: apt-get install --reinstall libkrb5support0:arm64
Reinstall: libkrb5support0:arm64 (1.19.2-2)
End-Date: 2022-08-09  12:05:00

Start-Date: 2022-08-09  12:05:08
Commandline: apt-get install --reinstall liblz4-1:arm64
Reinstall: liblz4-1:arm64 (1.9.3-2build2)
End-Date: 2022-08-09  12:05:14

Start-Date: 2022-08-09  12:05:23
Commandline: apt-get install --reinstall liblzma5:arm64
Reinstall: liblzma5:arm64 (5.2.5-2ubuntu1)
End-Date: 2022-08-09  12:05:28

Start-Date: 2022-08-09  12:05:37
Commandline: apt-get install --reinstall libmount1:arm64
Reinstall: libmount1:arm64 (2.37.2-4ubuntu3)
End-Date: 2022-08-09  12:05:42

Start-Date: 2022-08-09  12:05:51
Commandline: apt-get install --reinstall libncurses6:arm64
Reinstall: libncurses6:arm64 (6.3-2)
End-Date: 2022-08-09  12:05:55

Start-Date: 2022-08-09  12:06:04
Commandline: apt-get install --reinstall libncursesw6:arm64
Reinstall: libncursesw6:arm64 (6.3-2)
End-Date: 2022-08-09  12:06:08

Start-Date: 2022-08-09  12:06:17
Commandline: apt-get install --reinstall libnettle8:arm64
Reinstall: libnettle8:arm64 (3.7.3-1build2)
End-Date: 2022-08-09  12:06:23

Start-Date: 2022-08-09  12:06:32
Commandline: apt-get install --reinstall libnsl2:arm64
Reinstall: libnsl2:arm64 (1.3.0-2build2)
End-Date: 2022-08-09  12:06:37

Start-Date: 2022-08-09  12:06:46
Commandline: apt-get install --reinstall libp11-kit0:arm64
Reinstall: libp11-kit0:arm64 (0.24.0-6build1)
End-Date: 2022-08-09  12:06:51

Start-Date: 2022-08-09  12:07:00
Commandline: apt-get install --reinstall libpam-modules:arm64
Reinstall: libpam-modules:arm64 (1.4.0-11ubuntu2)
End-Date: 2022-08-09  12:07:06

Start-Date: 2022-08-09  12:07:15
Commandline: apt-get install --reinstall libpam-modules-bin
Reinstall: libpam-modules-bin:arm64 (1.4.0-11ubuntu2)
End-Date: 2022-08-09  12:07:20

Start-Date: 2022-08-09  12:07:29
Commandline: apt-get install --reinstall libpam-runtime
Reinstall: libpam-runtime:arm64 (1.4.0-11ubuntu2)
End-Date: 2022-08-09  12:07:34

Start-Date: 2022-08-09  12:07:43
Commandline: apt-get install --reinstall libpam0g:arm64
Reinstall: libpam0g:arm64 (1.4.0-11ubuntu2)
End-Date: 2022-08-09  12:07:49

Start-Date: 2022-08-09  12:07:58
Commandline: apt-get install --reinstall libpcre2-8-0:arm64
Reinstall: libpcre2-8-0:arm64 (10.39-3build1)
End-Date: 2022-08-09  12:08:03

Start-Date: 2022-08-09  12:08:12
Commandline: apt-get install --reinstall libpcre3:arm64
Reinstall: libpcre3:arm64 (2:8.39-13build5)
End-Date: 2022-08-09  12:08:17

Start-Date: 2022-08-09  12:08:26
Commandline: apt-get install --reinstall libprocps8:arm64
Reinstall: libprocps8:arm64 (2:3.3.17-6ubuntu2)
End-Date: 2022-08-09  12:08:30

Start-Date: 2022-08-09  12:08:39
Commandline: apt-get install --reinstall libseccomp2:arm64
Reinstall: libseccomp2:arm64 (2.5.3-2ubuntu2)
End-Date: 2022-08-09  12:08:44

Start-Date: 2022-08-09  12:08:53
Commandline: apt-get install --reinstall libselinux1:arm64
Reinstall: libselinux1:arm64 (3.3-1build2)
End-Date: 2022-08-09  12:08:58

Start-Date: 2022-08-09  12:09:07
Commandline: apt-get install --reinstall libsemanage-common
Reinstall: libsemanage-common:arm64 (3.3-1build2)
End-Date: 2022-08-09  12:09:12

Start-Date: 2022-08-09  12:09:21
Commandline: apt-get install --reinstall libsemanage2:arm64
Reinstall: libsemanage2:arm64 (3.3-1build2)
End-Date: 2022-08-09  12:09:26

Start-Date: 2022-08-09  12:09:35
Commandline: apt-get install --reinstall libsepol2:arm64
Reinstall: libsepol2:arm64 (3.3-1build1)
End-Date: 2022-08-09  12:09:41

Start-Date: 2022-08-09  12:09:50
Commandline: apt-get install --reinstall libsmartcols1:arm64
Reinstall: libsmartcols1:arm64 (2.37.2-4ubuntu3)
End-Date: 2022-08-09  12:09:55

Start-Date: 2022-08-09  12:10:03
Commandline: apt-get install --reinstall libss2:arm64
Reinstall: libss2:arm64 (1.46.5-2ubuntu1)
End-Date: 2022-08-09  12:10:08

Start-Date: 2022-08-09  12:10:18
Commandline: apt-get install --reinstall libssl3:arm64
Reinstall: libssl3:arm64 (3.0.2-0ubuntu1)
End-Date: 2022-08-09  12:10:23

Start-Date: 2022-08-09  12:10:33
Commandline: apt-get install --reinstall libstdc++6:arm64
Reinstall: libstdc++6:arm64 (12-20220319-1ubuntu1)
End-Date: 2022-08-09  12:10:38

Start-Date: 2022-08-09  12:10:47
Commandline: apt-get install --reinstall libsystemd0:arm64
Reinstall: libsystemd0:arm64 (249.11-0ubuntu3)
End-Date: 2022-08-09  12:10:53

Start-Date: 2022-08-09  12:11:02
Commandline: apt-get install --reinstall libtasn1-6:arm64
Reinstall: libtasn1-6:arm64 (4.18.0-4build1)
End-Date: 2022-08-09  12:11:07

Start-Date: 2022-08-09  12:11:16
Commandline: apt-get install --reinstall libtinfo6:arm64
Reinstall: libtinfo6:arm64 (6.3-2)
End-Date: 2022-08-09  12:11:21

Start-Date: 2022-08-09  12:11:30
Commandline: apt-get install --reinstall libtirpc-common
Reinstall: libtirpc-common:arm64 (1.3.2-2build1)
End-Date: 2022-08-09  12:11:35

Start-Date: 2022-08-09  12:11:44
Commandline: apt-get install --reinstall libtirpc3:arm64
Reinstall: libtirpc3:arm64 (1.3.2-2build1)
End-Date: 2022-08-09  12:11:49

Start-Date: 2022-08-09  12:11:58
Commandline: apt-get install --reinstall libudev1:arm64
Reinstall: libudev1:arm64 (249.11-0ubuntu3)
End-Date: 2022-08-09  12:12:03

Start-Date: 2022-08-09  12:12:12
Commandline: apt-get install --reinstall libunistring2:arm64
Reinstall: libunistring2:arm64 (1.0-1)
End-Date: 2022-08-09  12:12:18

Start-Date: 2022-08-09  12:12:27
Commandline: apt-get install --reinstall libuuid1:arm64
Reinstall: libuuid1:arm64 (2.37.2-4ubuntu3)
End-Date: 2022-08-09  12:12:32

Start-Date: 2022-08-09  12:12:41
Commandline: apt-get install --reinstall libxxhash0:arm64
Reinstall: libxxhash0:arm64 (0.8.1-1)
End-Date: 2022-08-09  12:12:46

Start-Date: 2022-08-09  12:12:55
Commandline: apt-get install --reinstall libzstd1:arm64
Reinstall: libzstd1:arm64 (1.4.8+dfsg-3build1)
End-Date: 2022-08-09  12:13:00

Start-Date: 2022-08-09  12:13:10
Commandline: apt-get install --reinstall login
Reinstall: login:arm64 (1:4.8.1-2ubuntu2)
End-Date: 2022-08-09  12:13:15

Start-Date: 2022-08-09  12:13:24
Commandline: apt-get install --reinstall logsave
Reinstall: logsave:arm64 (1.46.5-2ubuntu1)
End-Date: 2022-08-09  12:13:28

Start-Date: 2022-08-09  12:13:36
Commandline: apt-get install --reinstall lsb-base
Reinstall: lsb-base:arm64 (11.1.0ubuntu4)
End-Date: 2022-08-09  12:13:42

Start-Date: 2022-08-09  12:13:51
Commandline: apt-get install --reinstall mawk
Reinstall: mawk:arm64 (1.3.4.20200120-3)
End-Date: 2022-08-09  12:13:55

Start-Date: 2022-08-09  12:14:04
Commandline: apt-get install --reinstall mount
Reinstall: mount:arm64 (2.37.2-4ubuntu3)
End-Date: 2022-08-09  12:14:08

Start-Date: 2022-08-09  12:14:17
Commandline: apt-get install --reinstall ncurses-base
Reinstall: ncurses-base:arm64 (6.3-2)
End-Date: 2022-08-09  12:14:22

Start-Date: 2022-08-09  12:14:31
Commandline: apt-get install --reinstall ncurses-bin
Reinstall: ncurses-bin:arm64 (6.3-2)
End-Date: 2022-08-09  12:14:36

Start-Date: 2022-08-09  12:14:46
Commandline: apt-get install --reinstall passwd
Reinstall: passwd:arm64 (1:4.8.1-2ubuntu2)
End-Date: 2022-08-09  12:14:51

Start-Date: 2022-08-09  12:15:01
Commandline: apt-get install --reinstall perl-base
Reinstall: perl-base:arm64 (5.34.0-3ubuntu1)
End-Date: 2022-08-09  12:15:07

Start-Date: 2022-08-09  12:15:16
Commandline: apt-get install --reinstall procps
Reinstall: procps:arm64 (2:3.3.17-6ubuntu2)
End-Date: 2022-08-09  12:15:21

Start-Date: 2022-08-09  12:15:30
Commandline: apt-get install --reinstall sed
Reinstall: sed:arm64 (4.8-1ubuntu2)
End-Date: 2022-08-09  12:15:35

Start-Date: 2022-08-09  12:15:44
Commandline: apt-get install --reinstall sensible-utils
Reinstall: sensible-utils:arm64 (0.0.17)
End-Date: 2022-08-09  12:15:48

Start-Date: 2022-08-09  12:15:57
Commandline: apt-get install --reinstall sysvinit-utils
Reinstall: sysvinit-utils:arm64 (3.01-1ubuntu1)
End-Date: 2022-08-09  12:16:02

Start-Date: 2022-08-09  12:16:11
Commandline: apt-get install --reinstall tar
Reinstall: tar:arm64 (1.34+dfsg-1build3)
End-Date: 2022-08-09  12:16:16

Start-Date: 2022-08-09  12:16:25
Commandline: apt-get install --reinstall ubuntu-keyring
Reinstall: ubuntu-keyring:arm64 (2021.03.26)
End-Date: 2022-08-09  12:16:30

Start-Date: 2022-08-09  12:16:39
Commandline: apt-get install --reinstall usrmerge
Reinstall: usrmerge:arm64 (25ubuntu2)
End-Date: 2022-08-09  12:16:43

Start-Date: 2022-08-09  12:16:53
Commandline: apt-get install --reinstall util-linux
Reinstall: util-linux:arm64 (2.37.2-4ubuntu3)
End-Date: 2022-08-09  12:16:59

Start-Date: 2022-08-09  12:17:08
Commandline: apt-get install --reinstall zlib1g:arm64
Reinstall: zlib1g:arm64 (1:1.2.11.dfsg-2ubuntu9)
End-Date: 2022-08-09  12:17:13

Start-Date: 2022-08-09  12:17:35
Commandline: apt-get --yes -oDebug::pkgDepCache::AutoInstall=yes --force-yes upgrade
Upgrade: dpkg:arm64 (1.21.1ubuntu2, 1.21.1ubuntu2.1), libext2fs2:arm64 (1.46.5-2ubuntu1, 1.46.5-2ubuntu1.1), apt:arm64 (2.4.5, 2.4.6), libtirpc-common:arm64 (1.3.2-2build1, 1.3.2-2ubuntu0.1), libpcre3:arm64 (2:8.39-13build5, 2:8.39-13ubuntu0.22.04.1), libapt-pkg6.0:arm64 (2.4.5, 2.4.6), libsystemd0:arm64 (249.11-0ubuntu3, 249.11-0ubuntu3.4), libudev1:arm64 (249.11-0ubuntu3, 249.11-0ubuntu3.4), libcom-err2:arm64 (1.46.5-2ubuntu1, 1.46.5-2ubuntu1.1), libc6:arm64 (2.35-0ubuntu3, 2.35-0ubuntu3.1), libssl3:arm64 (3.0.2-0ubuntu1, 3.0.2-0ubuntu1.6), gpgv:arm64 (2.2.27-3ubuntu2, 2.2.27-3ubuntu2.1), base-files:arm64 (12ubuntu4, 12ubuntu4.2), libc-bin:arm64 (2.35-0ubuntu3, 2.35-0ubuntu3.1), libgnutls30:arm64 (3.7.3-4ubuntu1, 3.7.3-4ubuntu1.1), logsave:arm64 (1.46.5-2ubuntu1, 1.46.5-2ubuntu1.1), libtirpc3:arm64 (1.3.2-2build1, 1.3.2-2ubuntu0.1), libss2:arm64 (1.46.5-2ubuntu1, 1.46.5-2ubuntu1.1), e2fsprogs:arm64 (1.46.5-2ubuntu1, 1.46.5-2ubuntu1.1)
End-Date: 2022-08-09  12:17:41

Start-Date: 2023-11-29  12:44:20
Commandline: apt-get install vim gcc make samba smbclient openssh-server net-tools iputils-ping git unzip automake autoconf libtool p7zip-full
Install: lsb-release:arm64 (11.1.0ubuntu4, automatic), librados2:arm64 (17.2.6-0ubuntu0.22.04.2, automatic), libperl5.34:arm64 (5.34.0-3ubuntu1.3, automatic), libcups2:arm64 (2.4.1op1-1ubuntu4.7, automatic), libwrap0:arm64 (7.6.q-31build2, automatic), libgomp1:arm64 (12.3.0-1ubuntu1~22.04, automatic), networkd-dispatcher:arm64 (2.1-2ubuntu0.22.04.2, automatic), manpages-dev:arm64 (5.10-1ubuntu1, automatic), ssh-import-id:arm64 (5.11-0ubuntu1, automatic), libgdbm-compat4:arm64 (1.23-1, automatic), python3.10:arm64 (3.10.12-1~22.04.3, automatic), libltdl7:arm64 (2.4.6-15build2, automatic), python3-gi:arm64 (3.42.1-0ubuntu1, automatic), netbase:arm64 (6.3, automatic), readline-common:arm64 (8.1.2-1, automatic), libnghttp2-14:arm64 (1.43.0-1ubuntu0.1, automatic), libcurl3-gnutls:arm64 (7.81.0-1ubuntu1.14, automatic), openssh-client:arm64 (1:8.9p1-3ubuntu0.4, automatic), python3-samba:arm64 (2:4.15.13+dfsg-0ubuntu1.5, automatic), iputils-ping:arm64 (3:20211215-1), gcc-11:arm64 (11.4.0-1ubuntu1~22.04, automatic), libglusterfs0:arm64 (10.1-1ubuntu0.2, automatic), libnl-3-200:arm64 (3.5.0-0.1, automatic), libctf-nobfd0:arm64 (2.38-4ubuntu2.3, automatic), python3-dnspython:arm64 (2.1.0-1ubuntu1, automatic), libgfapi0:arm64 (10.1-1ubuntu0.2, automatic), libssh-4:arm64 (0.9.6-2ubuntu0.22.04.1, automatic), libtsan0:arm64 (11.4.0-1ubuntu1~22.04, automatic), cpp:arm64 (4:11.2.0-1ubuntu1, automatic), gcc:arm64 (4:11.2.0-1ubuntu1), git:arm64 (1:2.34.1-1ubuntu1.10), gpg:arm64 (2.2.27-3ubuntu2.1, automatic), systemd-timesyncd:arm64 (249.11-0ubuntu3.11, automatic), perl:arm64 (5.34.0-3ubuntu1.3, automatic), libldb2:arm64 (2:2.4.4-0ubuntu0.22.04.2, automatic), libmagic-mgc:arm64 (1:5.41-3ubuntu0.1, automatic), libtevent0:arm64 (0.11.0-1build1, automatic), python3-cffi-backend:arm64 (1.15.0-1build2, automatic), libldap-common:arm64 (2.5.16+dfsg-0ubuntu0.22.04.1, automatic), python3-minimal:arm64 (3.10.6-1~22.04, automatic), libpam-systemd:arm64 (249.11-0ubuntu3.11, automatic), libboost-iostreams1.74.0:arm64 (1.74.0-14ubuntu3, automatic), samba-vfs-modules:arm64 (2:4.15.13+dfsg-0ubuntu1.5, automatic), libnl-route-3-200:arm64 (3.5.0-0.1, automatic), libmpdec3:arm64 (2.5.1-2build2, automatic), libarchive13:arm64 (3.6.0-1ubuntu1, automatic), libjpeg-turbo8:arm64 (2.1.2-0ubuntu1, automatic), libgfrpc0:arm64 (10.1-1ubuntu0.2, automatic), ucf:arm64 (3.0043, automatic), libavahi-common-data:arm64 (0.8-5ubuntu5.2, automatic), libcap2-bin:arm64 (1:2.44-1ubuntu0.22.04.1, automatic), vim:arm64 (2:8.2.3995-1ubuntu2.13), gir1.2-glib-2.0:arm64 (1.72.0-1, automatic), libsasl2-modules:arm64 (2.1.27+dfsg2-3ubuntu1.2, automatic), libhwasan0:arm64 (12.3.0-1ubuntu1~22.04, automatic), libsasl2-2:arm64 (2.1.27+dfsg2-3ubuntu1.2, automatic), xxd:arm64 (2:8.2.3995-1ubuntu2.13, automatic), libibverbs1:arm64 (39.0-1, automatic), libexpat1:arm64 (2.4.7-1ubuntu0.2, automatic), libbinutils:arm64 (2.38-4ubuntu2.3, automatic), libgfxdr0:arm64 (10.1-1ubuntu0.2, automatic), libpython3.10-minimal:arm64 (3.10.12-1~22.04.3, automatic), automake:arm64 (1:1.16.5-1.3), libxmuu1:arm64 (2:1.1.3-3, automatic), libdeflate0:arm64 (1.10-2, automatic), libjpeg8:arm64 (8c-2ubuntu10, automatic), patch:arm64 (2.7.6-7build2, automatic), libfido2-1:arm64 (1.10.0-1, automatic), libmagic1:arm64 (1:5.41-3ubuntu0.1, automatic), python3-distro:arm64 (1.7.0-1, automatic), libjansson4:arm64 (2.13.1-1.1build3, automatic), libpython3.10-stdlib:arm64 (3.10.12-1~22.04.3, automatic), librtmp1:arm64 (2.4+20151223.gitfa8646d.1-2build4, automatic), libgpm2:arm64 (1.20.7-10build1, automatic), vim-common:arm64 (2:8.2.3995-1ubuntu2.13, automatic), libtiff5:arm64 (4.3.0-6ubuntu0.7, automatic), libsigsegv2:arm64 (2.13-1ubuntu3, automatic), libip4tc2:arm64 (1.8.7-1ubuntu5.1, automatic), libfreetype6:arm64 (2.11.1+dfsg-1ubuntu0.2, automatic), samba:arm64 (2:4.15.13+dfsg-0ubuntu1.5), libxau6:arm64 (1:1.0.9-1build5, automatic), file:arm64 (1:5.41-3ubuntu0.1, automatic), python3-requests:arm64 (2.25.1+dfsg-2ubuntu0.1, automatic), libnss-systemd:arm64 (249.11-0ubuntu3.11, automatic), libpopt0:arm64 (1.18-3build1, automatic), libxcb1:arm64 (1.14-3ubuntu3, automatic), python3-importlib-metadata:arm64 (4.6.4-1, automatic), logrotate:arm64 (3.19.0-1ubuntu1.1, automatic), libapparmor1:arm64 (3.0.4-2ubuntu2.3, automatic), libwbclient0:arm64 (2:4.15.13+dfsg-0ubuntu1.5, automatic), python3:arm64 (3.10.6-1~22.04, automatic), openssh-server:arm64 (1:8.9p1-3ubuntu0.4), libdbus-1-3:arm64 (1.12.20-2ubuntu4.1, automatic), python3-urllib3:arm64 (1.26.5-1~exp1ubuntu0.1, automatic), gnupg:arm64 (2.2.27-3ubuntu2.1, automatic), libsasl2-modules-db:arm64 (2.1.27+dfsg2-3ubuntu1.2, automatic), libmpfr6:arm64 (4.1.0-3build3, automatic), libcc1-0:arm64 (12.3.0-1ubuntu1~22.04, automatic), gpg-wks-server:arm64 (2.2.27-3ubuntu2.1, automatic), libsmbclient:arm64 (2:4.15.13+dfsg-0ubuntu1.5, automatic), libboost-thread1.74.0:arm64 (1.74.0-14ubuntu3, automatic), libxml2:arm64 (2.9.13+dfsg-1ubuntu0.3, automatic), libmpc3:arm64 (1.2.1-2build1, automatic), libglib2.0-data:arm64 (2.72.4-0ubuntu2.2, automatic), libbsd0:arm64 (0.11.5-1, automatic), less:arm64 (590-1ubuntu0.22.04.1, automatic), python3-more-itertools:arm64 (8.10.0-2, automatic), libxpm4:arm64 (1:3.5.12-1ubuntu0.22.04.2, automatic), libfontconfig1:arm64 (2.13.1-4.2ubuntu5, automatic), libgpgme11:arm64 (1.16.0-1.2ubuntu4.1, automatic), libldap-2.5-0:arm64 (2.5.16+dfsg-0ubuntu0.22.04.1, automatic), systemd:arm64 (249.11-0ubuntu3.11, automatic), samba-dsdb-modules:arm64 (2:4.15.13+dfsg-0ubuntu1.5, automatic), gpg-agent:arm64 (2.2.27-3ubuntu2.1, automatic), wget:arm64 (1.21.2-2ubuntu1, automatic), shared-mime-info:arm64 (2.1-2, automatic), libyaml-0-2:arm64 (0.2.2-1build2, automatic), libpng16-16:arm64 (1.6.37-3build5, automatic), libreadline8:arm64 (8.1.2-1, automatic), samba-common-bin:arm64 (2:4.15.13+dfsg-0ubuntu1.5, automatic), publicsuffix:arm64 (20211207.1025-1, automatic), python3-pkg-resources:arm64 (59.6.0-1.2ubuntu0.22.04.1, automatic), fontconfig-config:arm64 (2.13.1-4.2ubuntu5, automatic), libassuan0:arm64 (2.5.5-1build1, automatic), libnpth0:arm64 (1.6-3build2, automatic), python3-talloc:arm64 (2.3.3-2build1, automatic), libx11-data:arm64 (2:1.7.5-1ubuntu0.3, automatic), libltdl-dev:arm64 (2.4.6-15build2, automatic), attr:arm64 (1:2.5.1-1build1, automatic), libgirepository-1.0-1:arm64 (1.72.0-1, automatic), libsodium23:arm64 (1.0.18-1build2, automatic), xdg-user-dirs:arm64 (0.17-2ubuntu4, automatic), autoconf:arm64 (2.71-2), libasan6:arm64 (11.4.0-1ubuntu1~22.04, automatic), libcephfs2:arm64 (17.2.6-0ubuntu0.22.04.2, automatic), libnsl-dev:arm64 (1.3.0-2build2, automatic), xauth:arm64 (1:1.1-1build2, automatic), libpython3.10:arm64 (3.10.12-1~22.04.3, automatic), rpcsvc-proto:arm64 (1.4.2-0ubuntu6, automatic), manpages:arm64 (5.10-1ubuntu1, automatic), tdb-tools:arm64 (1.4.5-2build1, automatic), media-types:arm64 (7.0.0, automatic), make:arm64 (4.3-4.1build1), p7zip-full:arm64 (16.02+dfsg-8), net-tools:arm64 (1.60+git20181103.0eebece-1ubuntu5), libctf0:arm64 (2.38-4ubuntu2.3, automatic), liburing2:arm64 (2.1-2build1, automatic), libtdb1:arm64 (1.4.5-2build1, automatic), dmsetup:arm64 (2:1.02.175-2.1ubuntu4, automatic), p7zip:arm64 (16.02+dfsg-8, automatic), python3-certifi:arm64 (2020.6.20-1, automatic), libsqlite3-0:arm64 (3.37.2-2ubuntu0.1, automatic), pinentry-curses:arm64 (1.1.1-1build2, automatic), python3-gpg:arm64 (1.16.0-1.2ubuntu4.1, automatic), libwebp7:arm64 (1.2.2-2ubuntu0.22.04.2, automatic), autotools-dev:arm64 (20220109.1, automatic), libjson-c5:arm64 (0.15-3~ubuntu1.22.04.2, automatic), gpgsm:arm64 (2.2.27-3ubuntu2.1, automatic), binutils-aarch64-linux-gnu:arm64 (2.38-4ubuntu2.3, automatic), libcrypt-dev:arm64 (1:4.4.27-1, automatic), libcryptsetup12:arm64 (2:2.4.3-1ubuntu1.1, automatic), distro-info-data:arm64 (0.52ubuntu0.5, automatic), libtool:arm64 (2.4.6-15build2), python3-ldb:arm64 (2:2.4.4-0ubuntu0.22.04.2, automatic), vim-runtime:arm64 (2:8.2.3995-1ubuntu2.13, automatic), libavahi-common3:arm64 (0.8-5ubuntu5.2, automatic), cpp-11:arm64 (11.4.0-1ubuntu1~22.04, automatic), binutils-common:arm64 (2.38-4ubuntu2.3, automatic), ca-certificates:arm64 (20230311ubuntu0.22.04.1, automatic), liberror-perl:arm64 (0.17029-1, automatic), libitm1:arm64 (12.3.0-1ubuntu1~22.04, automatic), smbclient:arm64 (2:4.15.13+dfsg-0ubuntu1.5), ibverbs-providers:arm64 (39.0-1, automatic), python3-six:arm64 (1.16.0-3ubuntu1, automatic), python3-tdb:arm64 (1.4.5-2build1, automatic), python3-markdown:arm64 (3.3.6-1, automatic), libjbig0:arm64 (2.1-3.1ubuntu0.22.04.1, automatic), libpython3-stdlib:arm64 (3.10.6-1~22.04, automatic), libc-dev-bin:arm64 (2.35-0ubuntu3.4, automatic), libglib2.0-0:arm64 (2.72.4-0ubuntu2.2, automatic), python3-yaml:arm64 (5.4.1-1ubuntu1, automatic), openssh-sftp-server:arm64 (1:8.9p1-3ubuntu0.4, automatic), libbrotli1:arm64 (1.0.9-2build6, automatic), samba-libs:arm64 (2:4.15.13+dfsg-0ubuntu1.5, automatic), liblmdb0:arm64 (0.9.24-1build2, automatic), libc-devtools:arm64 (2.35-0ubuntu3.4, automatic), libkmod2:arm64 (29-1ubuntu1, automatic), libxext6:arm64 (2:1.3.4-1build1, automatic), libisl23:arm64 (0.24-2build1, automatic), libc6-dev:arm64 (2.35-0ubuntu3.4, automatic), dirmngr:arm64 (2.2.27-3ubuntu2.1, automatic), libksba8:arm64 (1.6.0-2ubuntu0.2, automatic), m4:arm64 (1.4.18-5ubuntu2, automatic), systemd-sysv:arm64 (249.11-0ubuntu3.11, automatic), fonts-dejavu-core:arm64 (2.37-2build1, automatic), samba-common:arm64 (2:4.15.13+dfsg-0ubuntu1.5, automatic), python3-idna:arm64 (3.3-1, automatic), unzip:arm64 (6.0-26ubuntu3.1), gnupg-utils:arm64 (2.2.27-3ubuntu2.1, automatic), python3-pygments:arm64 (2.11.2+dfsg-2, automatic), libpam-cap:arm64 (1:2.44-1ubuntu0.22.04.1, automatic), python3-chardet:arm64 (4.0.0-1, automatic), libubsan1:arm64 (12.3.0-1ubuntu1~22.04, automatic), liblsan0:arm64 (12.3.0-1ubuntu1~22.04, automatic), gcc-11-base:arm64 (11.4.0-1ubuntu1~22.04, automatic), libargon2-1:arm64 (0~20171227-0.3, automatic), libcbor0.8:arm64 (0.8.0-2ubuntu1, automatic), gnupg-l10n:arm64 (2.2.27-3ubuntu2.1, automatic), python3.10-minimal:arm64 (3.10.12-1~22.04.3, automatic), librdmacm1:arm64 (39.0-1, automatic), gpg-wks-client:arm64 (2.2.27-3ubuntu2.1, automatic), libgd3:arm64 (2.3.0-2ubuntu2, automatic), perl-modules-5.34:arm64 (5.34.0-3ubuntu1.3, automatic), python3-cryptography:arm64 (3.4.8-1ubuntu2, automatic), libx11-6:arm64 (2:1.7.5-1ubuntu0.3, automatic), python3-dbus:arm64 (1.2.18-3build1, automatic), libmd0:arm64 (1.0.4-1build1, automatic), git-man:arm64 (1:2.34.1-1ubuntu1.10, automatic), python3-requests-toolbelt:arm64 (0.9.1-1, automatic), ncurses-term:arm64 (6.3-2ubuntu0.1, automatic), libtalloc2:arm64 (2.3.3-2build1, automatic), dbus:arm64 (1.12.20-2ubuntu4.1, automatic), libedit2:arm64 (3.1-20210910-1build1, automatic), libicu70:arm64 (70.1-2, automatic), libavahi-client3:arm64 (0.8-5ubuntu5.2, automatic), gpgconf:arm64 (2.2.27-3ubuntu2.1, automatic), libdevmapper1.02.1:arm64 (2:1.02.175-2.1ubuntu4, automatic), libtirpc-dev:arm64 (1.3.2-2ubuntu0.1, automatic), libgcc-11-dev:arm64 (11.4.0-1ubuntu1~22.04, automatic), libgdbm6:arm64 (1.23-1, automatic), binutils:arm64 (2.38-4ubuntu2.3, automatic), libpsl5:arm64 (0.21.0-1.2build2, automatic), python3-zipp:arm64 (1.0.0-3, automatic), libxdmcp6:arm64 (1:1.1.3-0ubuntu5, automatic), libatomic1:arm64 (12.3.0-1ubuntu1~22.04, automatic), openssl:arm64 (3.0.2-0ubuntu1.12, automatic), linux-libc-dev:arm64 (5.15.0-89.99, automatic)
Upgrade: libsystemd0:arm64 (249.11-0ubuntu3.4, 249.11-0ubuntu3.11), libc6:arm64 (2.35-0ubuntu3.1, 2.35-0ubuntu3.4), perl-base:arm64 (5.34.0-3ubuntu1, 5.34.0-3ubuntu1.3), gcc-12-base:arm64 (12-20220319-1ubuntu1, 12.3.0-1ubuntu1~22.04), libstdc++6:arm64 (12-20220319-1ubuntu1, 12.3.0-1ubuntu1~22.04), libgcc-s1:arm64 (12-20220319-1ubuntu1, 12.3.0-1ubuntu1~22.04)
End-Date: 2023-11-29  12:48:14
